[0.370s] Invoking command in '/home/bluepoisons/Desktop/FURP/VLN/ZhiruiSHEN-VLN/src/vln_nav2_bridge': CONDA_PROMPT_MODIFIER=(base) PYTHONPATH=/home/bluepoisons/Desktop/FURP/VLN/ZhiruiSHEN-VLN/build/vln_nav2_bridge/prefix_override:/usr/lib/python3/dist-packages/colcon_core/task/python/colcon_distutils_commands:/home/bluepoisons/Desktop/FURP/VLN/ZhiruiSHEN-VLN/install/vln_nav2_bridge/lib/python3.10/site-packages:${PYTHONPATH} /usr/bin/python3 -W ignore:setup.py install is deprecated -W ignore:easy_install command is deprecated setup.py egg_info --egg-base ../../build/vln_nav2_bridge build --build-base /home/bluepoisons/Desktop/FURP/VLN/ZhiruiSHEN-VLN/build/vln_nav2_bridge/build install --record /home/bluepoisons/Desktop/FURP/VLN/ZhiruiSHEN-VLN/build/vln_nav2_bridge/install.log --single-version-externally-managed install_data
[0.514s] running egg_info
[0.515s] writing ../../build/vln_nav2_bridge/vln_nav2_bridge.egg-info/PKG-INFO
[0.515s] writing dependency_links to ../../build/vln_nav2_bridge/vln_nav2_bridge.egg-info/dependency_links.txt
[0.515s] writing entry points to ../../build/vln_nav2_bridge/vln_nav2_bridge.egg-info/entry_points.txt
[0.515s] writing requirements to ../../build/vln_nav2_bridge/vln_nav2_bridge.egg-info/requires.txt
[0.515s] writing top-level names to ../../build/vln_nav2_bridge/vln_nav2_bridge.egg-info/top_level.txt
[0.516s] reading manifest file '../../build/vln_nav2_bridge/vln_nav2_bridge.egg-info/SOURCES.txt'
[0.517s] writing manifest file '../../build/vln_nav2_bridge/vln_nav2_bridge.egg-info/SOURCES.txt'
[0.517s] running build
[0.517s] running build_py
[0.517s] running install
[0.518s] running install_lib
[0.518s] running install_data
[0.518s] running install_egg_info
[0.520s] removing '/home/bluepoisons/Desktop/FURP/VLN/ZhiruiSHEN-VLN/install/vln_nav2_bridge/lib/python3.10/site-packages/vln_nav2_bridge-0.1.0-py3.10.egg-info' (and everything under it)
[0.520s] Copying ../../build/vln_nav2_bridge/vln_nav2_bridge.egg-info to /home/bluepoisons/Desktop/FURP/VLN/ZhiruiSHEN-VLN/install/vln_nav2_bridge/lib/python3.10/site-packages/vln_nav2_bridge-0.1.0-py3.10.egg-info
[0.520s] running install_scripts
[0.533s] Installing vln_node_local script to /home/bluepoisons/Desktop/FURP/VLN/ZhiruiSHEN-VLN/install/vln_nav2_bridge/lib/vln_nav2_bridge
[0.533s] writing list of installed files to '/home/bluepoisons/Desktop/FURP/VLN/ZhiruiSHEN-VLN/build/vln_nav2_bridge/install.log'
[0.547s] Invoked command in '/home/bluepoisons/Desktop/FURP/VLN/ZhiruiSHEN-VLN/src/vln_nav2_bridge' returned '0': CONDA_PROMPT_MODIFIER=(base) PYTHONPATH=/home/bluepoisons/Desktop/FURP/VLN/ZhiruiSHEN-VLN/build/vln_nav2_bridge/prefix_override:/usr/lib/python3/dist-packages/colcon_core/task/python/colcon_distutils_commands:/home/bluepoisons/Desktop/FURP/VLN/ZhiruiSHEN-VLN/install/vln_nav2_bridge/lib/python3.10/site-packages:${PYTHONPATH} /usr/bin/python3 -W ignore:setup.py install is deprecated -W ignore:easy_install command is deprecated setup.py egg_info --egg-base ../../build/vln_nav2_bridge build --build-base /home/bluepoisons/Desktop/FURP/VLN/ZhiruiSHEN-VLN/build/vln_nav2_bridge/build install --record /home/bluepoisons/Desktop/FURP/VLN/ZhiruiSHEN-VLN/build/vln_nav2_bridge/install.log --single-version-externally-managed install_data
