[0.388s] Invoking command in '/home/bluepoisons/Desktop/FURP/VLN/ZhiruiSHEN-VLN/src/vln_nav2_bridge': CONDA_PROMPT_MODIFIER=(base) PYTHONPATH=/home/bluepoisons/Desktop/FURP/VLN/ZhiruiSHEN-VLN/build/vln_nav2_bridge/prefix_override:/usr/lib/python3/dist-packages/colcon_core/task/python/colcon_distutils_commands:/home/bluepoisons/Desktop/FURP/VLN/ZhiruiSHEN-VLN/install/vln_nav2_bridge/lib/python3.10/site-packages:${PYTHONPATH} /usr/bin/python3 -W ignore:setup.py install is deprecated -W ignore:easy_install command is deprecated setup.py egg_info --egg-base ../../build/vln_nav2_bridge build --build-base /home/bluepoisons/Desktop/FURP/VLN/ZhiruiSHEN-VLN/build/vln_nav2_bridge/build install --record /home/bluepoisons/Desktop/FURP/VLN/ZhiruiSHEN-VLN/build/vln_nav2_bridge/install.log --single-version-externally-managed install_data
[0.533s] running egg_info
[0.533s] writing ../../build/vln_nav2_bridge/vln_nav2_bridge.egg-info/PKG-INFO
[0.534s] writing dependency_links to ../../build/vln_nav2_bridge/vln_nav2_bridge.egg-info/dependency_links.txt
[0.534s] writing entry points to ../../build/vln_nav2_bridge/vln_nav2_bridge.egg-info/entry_points.txt
[0.534s] writing requirements to ../../build/vln_nav2_bridge/vln_nav2_bridge.egg-info/requires.txt
[0.534s] writing top-level names to ../../build/vln_nav2_bridge/vln_nav2_bridge.egg-info/top_level.txt
[0.535s] reading manifest file '../../build/vln_nav2_bridge/vln_nav2_bridge.egg-info/SOURCES.txt'
[0.536s] writing manifest file '../../build/vln_nav2_bridge/vln_nav2_bridge.egg-info/SOURCES.txt'
[0.536s] running build
[0.536s] running build_py
[0.536s] copying vln_nav2_bridge/text_to_pose_converter.py -> /home/bluepoisons/Desktop/FURP/VLN/ZhiruiSHEN-VLN/build/vln_nav2_bridge/build/lib/vln_nav2_bridge
[0.536s] copying vln_nav2_bridge/vln_node_local.py -> /home/bluepoisons/Desktop/FURP/VLN/ZhiruiSHEN-VLN/build/vln_nav2_bridge/build/lib/vln_nav2_bridge
[0.536s] running install
[0.537s] running install_lib
[0.537s] copying /home/bluepoisons/Desktop/FURP/VLN/ZhiruiSHEN-VLN/build/vln_nav2_bridge/build/lib/vln_nav2_bridge/text_to_pose_converter.py -> /home/bluepoisons/Desktop/FURP/VLN/ZhiruiSHEN-VLN/install/vln_nav2_bridge/lib/python3.10/site-packages/vln_nav2_bridge
[0.537s] copying /home/bluepoisons/Desktop/FURP/VLN/ZhiruiSHEN-VLN/build/vln_nav2_bridge/build/lib/vln_nav2_bridge/vln_node_local.py -> /home/bluepoisons/Desktop/FURP/VLN/ZhiruiSHEN-VLN/install/vln_nav2_bridge/lib/python3.10/site-packages/vln_nav2_bridge
[0.537s] byte-compiling /home/bluepoisons/Desktop/FURP/VLN/ZhiruiSHEN-VLN/install/vln_nav2_bridge/lib/python3.10/site-packages/vln_nav2_bridge/text_to_pose_converter.py to text_to_pose_converter.cpython-310.pyc
[0.538s] byte-compiling /home/bluepoisons/Desktop/FURP/VLN/ZhiruiSHEN-VLN/install/vln_nav2_bridge/lib/python3.10/site-packages/vln_nav2_bridge/vln_node_local.py to vln_node_local.cpython-310.pyc
[0.539s] running install_data
[0.539s] running install_egg_info
[0.540s] removing '/home/bluepoisons/Desktop/FURP/VLN/ZhiruiSHEN-VLN/install/vln_nav2_bridge/lib/python3.10/site-packages/vln_nav2_bridge-0.1.0-py3.10.egg-info' (and everything under it)
[0.540s] Copying ../../build/vln_nav2_bridge/vln_nav2_bridge.egg-info to /home/bluepoisons/Desktop/FURP/VLN/ZhiruiSHEN-VLN/install/vln_nav2_bridge/lib/python3.10/site-packages/vln_nav2_bridge-0.1.0-py3.10.egg-info
[0.541s] running install_scripts
[0.553s] Installing vln_node_local script to /home/bluepoisons/Desktop/FURP/VLN/ZhiruiSHEN-VLN/install/vln_nav2_bridge/lib/vln_nav2_bridge
[0.554s] writing list of installed files to '/home/bluepoisons/Desktop/FURP/VLN/ZhiruiSHEN-VLN/build/vln_nav2_bridge/install.log'
[0.568s] Invoked command in '/home/bluepoisons/Desktop/FURP/VLN/ZhiruiSHEN-VLN/src/vln_nav2_bridge' returned '0': CONDA_PROMPT_MODIFIER=(base) PYTHONPATH=/home/bluepoisons/Desktop/FURP/VLN/ZhiruiSHEN-VLN/build/vln_nav2_bridge/prefix_override:/usr/lib/python3/dist-packages/colcon_core/task/python/colcon_distutils_commands:/home/bluepoisons/Desktop/FURP/VLN/ZhiruiSHEN-VLN/install/vln_nav2_bridge/lib/python3.10/site-packages:${PYTHONPATH} /usr/bin/python3 -W ignore:setup.py install is deprecated -W ignore:easy_install command is deprecated setup.py egg_info --egg-base ../../build/vln_nav2_bridge build --build-base /home/bluepoisons/Desktop/FURP/VLN/ZhiruiSHEN-VLN/build/vln_nav2_bridge/build install --record /home/bluepoisons/Desktop/FURP/VLN/ZhiruiSHEN-VLN/build/vln_nav2_bridge/install.log --single-version-externally-managed install_data
